  MTC.obj : MSIL-Modulgefunden; inkrementelles Verknüpfen wird für MSIL deaktiviert; vollständiger Link wird durchgeführt
Minecraft_converter.lib(Minecraft_converter.obj) : warning LNK4075: /EDITANDCONTINUE wird aufgrund der Angabe von /INCREMENTAL:NO ignoriert.
     Bibliothek "C:\Users\jojo\source\repos\MinecraftGUI\x64\Debug\MinecraftGUI.lib" und Objekt "C:\Users\jojo\source\repos\MinecraftGUI\x64\Debug\MinecraftGUI.exp" werden erstellt.
opencv_core410d.lib(algorithm.obj) : warning LNK4099: PDB "opencv_core410d.pdb" wurde nicht mit "opencv_core410d.lib(algorithm.obj)" oder an "C:\Users\jojo\source\repos\MinecraftGUI\x64\Debug\opencv_core410d.pdb" gefunden; Objekt wird verkn³pft, als ob keine Debuginformationen vorhanden wõren.
opencv_core410d.lib(alloc.obj) : warning LNK4099: PDB "opencv_core410d.pdb" wurde nicht mit "opencv_core410d.lib(alloc.obj)" oder an "C:\Users\jojo\source\repos\MinecraftGUI\x64\Debug\opencv_core410d.pdb" gefunden; Objekt wird verkn³pft, als ob keine Debuginformationen vorhanden wõren.
opencv_core410d.lib(arithm.obj) : warning LNK4099: PDB "opencv_core410d.pdb" wurde nicht mit "opencv_core410d.lib(arithm.obj)" oder an "C:\Users\jojo\source\repos\MinecraftGUI\x64\Debug\opencv_core410d.pdb" gefunden; Objekt wird verkn³pft, als ob keine Debuginformationen vorhanden wõren.
opencv_core410d.lib(arithm.dispatch.obj) : warning LNK4099: PDB "opencv_core410d.pdb" wurde nicht mit "opencv_core410d.lib(arithm.dispatch.obj)" oder an "C:\Users\jojo\source\repos\MinecraftGUI\x64\Debug\opencv_core410d.pdb" gefunden; Objekt wird verkn³pft, als ob keine Debuginformationen vorhanden wõren.
opencv_core410d.lib(array.obj) : warning LNK4099: PDB "opencv_core410d.pdb" wurde nicht mit "opencv_core410d.lib(array.obj)" oder an "C:\Users\jojo\source\repos\MinecraftGUI\x64\Debug\opencv_core410d.pdb" gefunden; Objekt wird verkn³pft, als ob keine Debuginformationen vorhanden wõren.
opencv_core410d.lib(channels.obj) : warning LNK4099: PDB "opencv_core410d.pdb" wurde nicht mit "opencv_core410d.lib(channels.obj)" oder an "C:\Users\jojo\source\repos\MinecraftGUI\x64\Debug\opencv_core410d.pdb" gefunden; Objekt wird verkn³pft, als ob keine Debuginformationen vorhanden wõren.
opencv_core410d.lib(check.obj) : warning LNK4099: PDB "opencv_core410d.pdb" wurde nicht mit "opencv_core410d.lib(check.obj)" oder an "C:\Users\jojo\source\repos\MinecraftGUI\x64\Debug\opencv_core410d.pdb" gefunden; Objekt wird verkn³pft, als ob keine Debuginformationen vorhanden wõren.
opencv_core410d.lib(conjugate_gradient.obj) : warning LNK4099: PDB "opencv_core410d.pdb" wurde nicht mit "opencv_core410d.lib(conjugate_gradient.obj)" oder an "C:\Users\jojo\source\repos\MinecraftGUI\x64\Debug\opencv_core410d.pdb" gefunden; Objekt wird verkn³pft, als ob keine Debuginformationen vorhanden wõren.
opencv_core410d.lib(convert.dispatch.obj) : warning LNK4099: PDB "opencv_core410d.pdb" wurde nicht mit "opencv_core410d.lib(convert.dispatch.obj)" oder an "C:\Users\jojo\source\repos\MinecraftGUI\x64\Debug\opencv_core410d.pdb" gefunden; Objekt wird verkn³pft, als ob keine Debuginformationen vorhanden wõren.
opencv_core410d.lib(convert_scale.dispatch.obj) : warning LNK4099: PDB "opencv_core410d.pdb" wurde nicht mit "opencv_core410d.lib(convert_scale.dispatch.obj)" oder an "C:\Users\jojo\source\repos\MinecraftGUI\x64\Debug\opencv_core410d.pdb" gefunden; Objekt wird verkn³pft, als ob keine Debuginformationen vorhanden wõren.
opencv_core410d.lib(copy.obj) : warning LNK4099: PDB "opencv_core410d.pdb" wurde nicht mit "opencv_core410d.lib(copy.obj)" oder an "C:\Users\jojo\source\repos\MinecraftGUI\x64\Debug\opencv_core410d.pdb" gefunden; Objekt wird verkn³pft, als ob keine Debuginformationen vorhanden wõren.
opencv_core410d.lib(cuda_gpu_mat.obj) : warning LNK4099: PDB "opencv_core410d.pdb" wurde nicht mit "opencv_core410d.lib(cuda_gpu_mat.obj)" oder an "C:\Users\jojo\source\repos\MinecraftGUI\x64\Debug\opencv_core410d.pdb" gefunden; Objekt wird verkn³pft, als ob keine Debuginformationen vorhanden wõren.
opencv_core410d.lib(cuda_host_mem.obj) : warning LNK4099: PDB "opencv_core410d.pdb" wurde nicht mit "opencv_core410d.lib(cuda_host_mem.obj)" oder an "C:\Users\jojo\source\repos\MinecraftGUI\x64\Debug\opencv_core410d.pdb" gefunden; Objekt wird verkn³pft, als ob keine Debuginformationen vorhanden wõren.
opencv_core410d.lib(cuda_info.obj) : warning LNK4099: PDB "opencv_core410d.pdb" wurde nicht mit "opencv_core410d.lib(cuda_info.obj)" oder an "C:\Users\jojo\source\repos\MinecraftGUI\x64\Debug\opencv_core410d.pdb" gefunden; Objekt wird verkn³pft, als ob keine Debuginformationen vorhanden wõren.
opencv_core410d.lib(cuda_stream.obj) : warning LNK4099: PDB "opencv_core410d.pdb" wurde nicht mit "opencv_core410d.lib(cuda_stream.obj)" oder an "C:\Users\jojo\source\repos\MinecraftGUI\x64\Debug\opencv_core410d.pdb" gefunden; Objekt wird verkn³pft, als ob keine Debuginformationen vorhanden wõren.
opencv_core410d.lib(datastructs.obj) : warning LNK4099: PDB "opencv_core410d.pdb" wurde nicht mit "opencv_core410d.lib(datastructs.obj)" oder an "C:\Users\jojo\source\repos\MinecraftGUI\x64\Debug\opencv_core410d.pdb" gefunden; Objekt wird verkn³pft, als ob keine Debuginformationen vorhanden wõren.
opencv_core410d.lib(glob.obj) : warning LNK4099: PDB "opencv_core410d.pdb" wurde nicht mit "opencv_core410d.lib(glob.obj)" oder an "C:\Users\jojo\source\repos\MinecraftGUI\x64\Debug\opencv_core410d.pdb" gefunden; Objekt wird verkn³pft, als ob keine Debuginformationen vorhanden wõren.
opencv_core410d.lib(kmeans.obj) : warning LNK4099: PDB "opencv_core410d.pdb" wurde nicht mit "opencv_core410d.lib(kmeans.obj)" oder an "C:\Users\jojo\source\repos\MinecraftGUI\x64\Debug\opencv_core410d.pdb" gefunden; Objekt wird verkn³pft, als ob keine Debuginformationen vorhanden wõren.
opencv_core410d.lib(lapack.obj) : warning LNK4099: PDB "opencv_core410d.pdb" wurde nicht mit "opencv_core410d.lib(lapack.obj)" oder an "C:\Users\jojo\source\repos\MinecraftGUI\x64\Debug\opencv_core410d.pdb" gefunden; Objekt wird verkn³pft, als ob keine Debuginformationen vorhanden wõren.
opencv_core410d.lib(lda.obj) : warning LNK4099: PDB "opencv_core410d.pdb" wurde nicht mit "opencv_core410d.lib(lda.obj)" oder an "C:\Users\jojo\source\repos\MinecraftGUI\x64\Debug\opencv_core410d.pdb" gefunden; Objekt wird verkn³pft, als ob keine Debuginformationen vorhanden wõren.
opencv_core410d.lib(logger.obj) : warning LNK4099: PDB "opencv_core410d.pdb" wurde nicht mit "opencv_core410d.lib(logger.obj)" oder an "C:\Users\jojo\source\repos\MinecraftGUI\x64\Debug\opencv_core410d.pdb" gefunden; Objekt wird verkn³pft, als ob keine Debuginformationen vorhanden wõren.
opencv_core410d.lib(mathfuncs.obj) : warning LNK4099: PDB "opencv_core410d.pdb" wurde nicht mit "opencv_core410d.lib(mathfuncs.obj)" oder an "C:\Users\jojo\source\repos\MinecraftGUI\x64\Debug\opencv_core410d.pdb" gefunden; Objekt wird verkn³pft, als ob keine Debuginformationen vorhanden wõren.
opencv_core410d.lib(mathfuncs_core.dispatch.obj) : warning LNK4099: PDB "opencv_core410d.pdb" wurde nicht mit "opencv_core410d.lib(mathfuncs_core.dispatch.obj)" oder an "C:\Users\jojo\source\repos\MinecraftGUI\x64\Debug\opencv_core410d.pdb" gefunden; Objekt wird verkn³pft, als ob keine Debuginformationen vorhanden wõren.
opencv_core410d.lib(matmul.dispatch.obj) : warning LNK4099: PDB "opencv_core410d.pdb" wurde nicht mit "opencv_core410d.lib(matmul.dispatch.obj)" oder an "C:\Users\jojo\source\repos\MinecraftGUI\x64\Debug\opencv_core410d.pdb" gefunden; Objekt wird verkn³pft, als ob keine Debuginformationen vorhanden wõren.
opencv_core410d.lib(matrix.obj) : warning LNK4099: PDB "opencv_core410d.pdb" wurde nicht mit "opencv_core410d.lib(matrix.obj)" oder an "C:\Users\jojo\source\repos\MinecraftGUI\x64\Debug\opencv_core410d.pdb" gefunden; Objekt wird verkn³pft, als ob keine Debuginformationen vorhanden wõren.
opencv_core410d.lib(matrix_c.obj) : warning LNK4099: PDB "opencv_core410d.pdb" wurde nicht mit "opencv_core410d.lib(matrix_c.obj)" oder an "C:\Users\jojo\source\repos\MinecraftGUI\x64\Debug\opencv_core410d.pdb" gefunden; Objekt wird verkn³pft, als ob keine Debuginformationen vorhanden wõren.
opencv_core410d.lib(matrix_decomp.obj) : warning LNK4099: PDB "opencv_core410d.pdb" wurde nicht mit "opencv_core410d.lib(matrix_decomp.obj)" oder an "C:\Users\jojo\source\repos\MinecraftGUI\x64\Debug\opencv_core410d.pdb" gefunden; Objekt wird verkn³pft, als ob keine Debuginformationen vorhanden wõren.
opencv_core410d.lib(matrix_expressions.obj) : warning LNK4099: PDB "opencv_core410d.pdb" wurde nicht mit "opencv_core410d.lib(matrix_expressions.obj)" oder an "C:\Users\jojo\source\repos\MinecraftGUI\x64\Debug\opencv_core410d.pdb" gefunden; Objekt wird verkn³pft, als ob keine Debuginformationen vorhanden wõren.
opencv_core410d.lib(matrix_iterator.obj) : warning LNK4099: PDB "opencv_core410d.pdb" wurde nicht mit "opencv_core410d.lib(matrix_iterator.obj)" oder an "C:\Users\jojo\source\repos\MinecraftGUI\x64\Debug\opencv_core410d.pdb" gefunden; Objekt wird verkn³pft, als ob keine Debuginformationen vorhanden wõren.
opencv_core410d.lib(matrix_operations.obj) : warning LNK4099: PDB "opencv_core410d.pdb" wurde nicht mit "opencv_core410d.lib(matrix_operations.obj)" oder an "C:\Users\jojo\source\repos\MinecraftGUI\x64\Debug\opencv_core410d.pdb" gefunden; Objekt wird verkn³pft, als ob keine Debuginformationen vorhanden wõren.
opencv_core410d.lib(matrix_sparse.obj) : warning LNK4099: PDB "opencv_core410d.pdb" wurde nicht mit "opencv_core410d.lib(matrix_sparse.obj)" oder an "C:\Users\jojo\source\repos\MinecraftGUI\x64\Debug\opencv_core410d.pdb" gefunden; Objekt wird verkn³pft, als ob keine Debuginformationen vorhanden wõren.
opencv_core410d.lib(matrix_wrap.obj) : warning LNK4099: PDB "opencv_core410d.pdb" wurde nicht mit "opencv_core410d.lib(matrix_wrap.obj)" oder an "C:\Users\jojo\source\repos\MinecraftGUI\x64\Debug\opencv_core410d.pdb" gefunden; Objekt wird verkn³pft, als ob keine Debuginformationen vorhanden wõren.
opencv_core410d.lib(merge.dispatch.obj) : warning LNK4099: PDB "opencv_core410d.pdb" wurde nicht mit "opencv_core410d.lib(merge.dispatch.obj)" oder an "C:\Users\jojo\source\repos\MinecraftGUI\x64\Debug\opencv_core410d.pdb" gefunden; Objekt wird verkn³pft, als ob keine Debuginformationen vorhanden wõren.
opencv_core410d.lib(minmax.obj) : warning LNK4099: PDB "opencv_core410d.pdb" wurde nicht mit "opencv_core410d.lib(minmax.obj)" oder an "C:\Users\jojo\source\repos\MinecraftGUI\x64\Debug\opencv_core410d.pdb" gefunden; Objekt wird verkn³pft, als ob keine Debuginformationen vorhanden wõren.
opencv_core410d.lib(norm.obj) : warning LNK4099: PDB "opencv_core410d.pdb" wurde nicht mit "opencv_core410d.lib(norm.obj)" oder an "C:\Users\jojo\source\repos\MinecraftGUI\x64\Debug\opencv_core410d.pdb" gefunden; Objekt wird verkn³pft, als ob keine Debuginformationen vorhanden wõren.
opencv_core410d.lib(ocl.obj) : warning LNK4099: PDB "opencv_core410d.pdb" wurde nicht mit "opencv_core410d.lib(ocl.obj)" oder an "C:\Users\jojo\source\repos\MinecraftGUI\x64\Debug\opencv_core410d.pdb" gefunden; Objekt wird verkn³pft, als ob keine Debuginformationen vorhanden wõren.
opencv_core410d.lib(opencl_core.obj) : warning LNK4099: PDB "opencv_core410d.pdb" wurde nicht mit "opencv_core410d.lib(opencl_core.obj)" oder an "C:\Users\jojo\source\repos\MinecraftGUI\x64\Debug\opencv_core410d.pdb" gefunden; Objekt wird verkn³pft, als ob keine Debuginformationen vorhanden wõren.
opencv_core410d.lib(opengl.obj) : warning LNK4099: PDB "opencv_core410d.pdb" wurde nicht mit "opencv_core410d.lib(opengl.obj)" oder an "C:\Users\jojo\source\repos\MinecraftGUI\x64\Debug\opencv_core410d.pdb" gefunden; Objekt wird verkn³pft, als ob keine Debuginformationen vorhanden wõren.
opencv_core410d.lib(out.obj) : warning LNK4099: PDB "opencv_core410d.pdb" wurde nicht mit "opencv_core410d.lib(out.obj)" oder an "C:\Users\jojo\source\repos\MinecraftGUI\x64\Debug\opencv_core410d.pdb" gefunden; Objekt wird verkn³pft, als ob keine Debuginformationen vorhanden wõren.
opencv_core410d.lib(parallel.obj) : warning LNK4099: PDB "opencv_core410d.pdb" wurde nicht mit "opencv_core410d.lib(parallel.obj)" oder an "C:\Users\jojo\source\repos\MinecraftGUI\x64\Debug\opencv_core410d.pdb" gefunden; Objekt wird verkn³pft, als ob keine Debuginformationen vorhanden wõren.
opencv_core410d.lib(pca.obj) : warning LNK4099: PDB "opencv_core410d.pdb" wurde nicht mit "opencv_core410d.lib(pca.obj)" oder an "C:\Users\jojo\source\repos\MinecraftGUI\x64\Debug\opencv_core410d.pdb" gefunden; Objekt wird verkn³pft, als ob keine Debuginformationen vorhanden wõren.
opencv_core410d.lib(persistence.obj) : warning LNK4099: PDB "opencv_core410d.pdb" wurde nicht mit "opencv_core410d.lib(persistence.obj)" oder an "C:\Users\jojo\source\repos\MinecraftGUI\x64\Debug\opencv_core410d.pdb" gefunden; Objekt wird verkn³pft, als ob keine Debuginformationen vorhanden wõren.
opencv_core410d.lib(persistence_json.obj) : warning LNK4099: PDB "opencv_core410d.pdb" wurde nicht mit "opencv_core410d.lib(persistence_json.obj)" oder an "C:\Users\jojo\source\repos\MinecraftGUI\x64\Debug\opencv_core410d.pdb" gefunden; Objekt wird verkn³pft, als ob keine Debuginformationen vorhanden wõren.
opencv_core410d.lib(persistence_types.obj) : warning LNK4099: PDB "opencv_core410d.pdb" wurde nicht mit "opencv_core410d.lib(persistence_types.obj)" oder an "C:\Users\jojo\source\repos\MinecraftGUI\x64\Debug\opencv_core410d.pdb" gefunden; Objekt wird verkn³pft, als ob keine Debuginformationen vorhanden wõren.
opencv_core410d.lib(persistence_xml.obj) : warning LNK4099: PDB "opencv_core410d.pdb" wurde nicht mit "opencv_core410d.lib(persistence_xml.obj)" oder an "C:\Users\jojo\source\repos\MinecraftGUI\x64\Debug\opencv_core410d.pdb" gefunden; Objekt wird verkn³pft, als ob keine Debuginformationen vorhanden wõren.
opencv_core410d.lib(persistence_yml.obj) : warning LNK4099: PDB "opencv_core410d.pdb" wurde nicht mit "opencv_core410d.lib(persistence_yml.obj)" oder an "C:\Users\jojo\source\repos\MinecraftGUI\x64\Debug\opencv_core410d.pdb" gefunden; Objekt wird verkn³pft, als ob keine Debuginformationen vorhanden wõren.
opencv_core410d.lib(rand.obj) : warning LNK4099: PDB "opencv_core410d.pdb" wurde nicht mit "opencv_core410d.lib(rand.obj)" oder an "C:\Users\jojo\source\repos\MinecraftGUI\x64\Debug\opencv_core410d.pdb" gefunden; Objekt wird verkn³pft, als ob keine Debuginformationen vorhanden wõren.
opencv_core410d.lib(softfloat.obj) : warning LNK4099: PDB "opencv_core410d.pdb" wurde nicht mit "opencv_core410d.lib(softfloat.obj)" oder an "C:\Users\jojo\source\repos\MinecraftGUI\x64\Debug\opencv_core410d.pdb" gefunden; Objekt wird verkn³pft, als ob keine Debuginformationen vorhanden wõren.
opencv_core410d.lib(stat.dispatch.obj) : warning LNK4099: PDB "opencv_core410d.pdb" wurde nicht mit "opencv_core410d.lib(stat.dispatch.obj)" oder an "C:\Users\jojo\source\repos\MinecraftGUI\x64\Debug\opencv_core410d.pdb" gefunden; Objekt wird verkn³pft, als ob keine Debuginformationen vorhanden wõren.
opencv_core410d.lib(sum.dispatch.obj) : warning LNK4099: PDB "opencv_core410d.pdb" wurde nicht mit "opencv_core410d.lib(sum.dispatch.obj)" oder an "C:\Users\jojo\source\repos\MinecraftGUI\x64\Debug\opencv_core410d.pdb" gefunden; Objekt wird verkn³pft, als ob keine Debuginformationen vorhanden wõren.
opencv_core410d.lib(system.obj) : warning LNK4099: PDB "opencv_core410d.pdb" wurde nicht mit "opencv_core410d.lib(system.obj)" oder an "C:\Users\jojo\source\repos\MinecraftGUI\x64\Debug\opencv_core410d.pdb" gefunden; Objekt wird verkn³pft, als ob keine Debuginformationen vorhanden wõren.
opencv_core410d.lib(tables.obj) : warning LNK4099: PDB "opencv_core410d.pdb" wurde nicht mit "opencv_core410d.lib(tables.obj)" oder an "C:\Users\jojo\source\repos\MinecraftGUI\x64\Debug\opencv_core410d.pdb" gefunden; Objekt wird verkn³pft, als ob keine Debuginformationen vorhanden wõren.
opencv_core410d.lib(trace.obj) : warning LNK4099: PDB "opencv_core410d.pdb" wurde nicht mit "opencv_core410d.lib(trace.obj)" oder an "C:\Users\jojo\source\repos\MinecraftGUI\x64\Debug\opencv_core410d.pdb" gefunden; Objekt wird verkn³pft, als ob keine Debuginformationen vorhanden wõren.
opencv_core410d.lib(umatrix.obj) : warning LNK4099: PDB "opencv_core410d.pdb" wurde nicht mit "opencv_core410d.lib(umatrix.obj)" oder an "C:\Users\jojo\source\repos\MinecraftGUI\x64\Debug\opencv_core410d.pdb" gefunden; Objekt wird verkn³pft, als ob keine Debuginformationen vorhanden wõren.
opencv_core410d.lib(datafile.obj) : warning LNK4099: PDB "opencv_core410d.pdb" wurde nicht mit "opencv_core410d.lib(datafile.obj)" oder an "C:\Users\jojo\source\repos\MinecraftGUI\x64\Debug\opencv_core410d.pdb" gefunden; Objekt wird verkn³pft, als ob keine Debuginformationen vorhanden wõren.
opencv_core410d.lib(filesystem.obj) : warning LNK4099: PDB "opencv_core410d.pdb" wurde nicht mit "opencv_core410d.lib(filesystem.obj)" oder an "C:\Users\jojo\source\repos\MinecraftGUI\x64\Debug\opencv_core410d.pdb" gefunden; Objekt wird verkn³pft, als ob keine Debuginformationen vorhanden wõren.
opencv_core410d.lib(logtagconfigparser.obj) : warning LNK4099: PDB "opencv_core410d.pdb" wurde nicht mit "opencv_core410d.lib(logtagconfigparser.obj)" oder an "C:\Users\jojo\source\repos\MinecraftGUI\x64\Debug\opencv_core410d.pdb" gefunden; Objekt wird verkn³pft, als ob keine Debuginformationen vorhanden wõren.
opencv_core410d.lib(logtagmanager.obj) : warning LNK4099: PDB "opencv_core410d.pdb" wurde nicht mit "opencv_core410d.lib(logtagmanager.obj)" oder an "C:\Users\jojo\source\repos\MinecraftGUI\x64\Debug\opencv_core410d.pdb" gefunden; Objekt wird verkn³pft, als ob keine Debuginformationen vorhanden wõren.
opencv_core410d.lib(samples.obj) : warning LNK4099: PDB "opencv_core410d.pdb" wurde nicht mit "opencv_core410d.lib(samples.obj)" oder an "C:\Users\jojo\source\repos\MinecraftGUI\x64\Debug\opencv_core410d.pdb" gefunden; Objekt wird verkn³pft, als ob keine Debuginformationen vorhanden wõren.
opencv_core410d.lib(opencl_kernels_core.obj) : warning LNK4099: PDB "opencv_core410d.pdb" wurde nicht mit "opencv_core410d.lib(opencl_kernels_core.obj)" oder an "C:\Users\jojo\source\repos\MinecraftGUI\x64\Debug\opencv_core410d.pdb" gefunden; Objekt wird verkn³pft, als ob keine Debuginformationen vorhanden wõren.
opencv_core410d.lib(opencv_core_pch.obj) : warning LNK4099: PDB "opencv_core410d.pdb" wurde nicht mit "opencv_core410d.lib(opencv_core_pch.obj)" oder an "C:\Users\jojo\source\repos\MinecraftGUI\x64\Debug\opencv_core410d.pdb" gefunden; Objekt wird verkn³pft, als ob keine Debuginformationen vorhanden wõren.
opencv_core410d.lib(arithm.sse4_1.obj) : warning LNK4099: PDB "opencv_core_SSE4_1.pdb" wurde nicht mit "opencv_core410d.lib(arithm.sse4_1.obj)" oder an "C:\Users\jojo\source\repos\MinecraftGUI\x64\Debug\opencv_core_SSE4_1.pdb" gefunden; Objekt wird verkn³pft, als ob keine Debuginformationen vorhanden wõren.
opencv_core410d.lib(stat.sse4_2.obj) : warning LNK4099: PDB "opencv_core_SSE4_2.pdb" wurde nicht mit "opencv_core410d.lib(stat.sse4_2.obj)" oder an "C:\Users\jojo\source\repos\MinecraftGUI\x64\Debug\opencv_core_SSE4_2.pdb" gefunden; Objekt wird verkn³pft, als ob keine Debuginformationen vorhanden wõren.
opencv_core410d.lib(mathfuncs_core.avx.obj) : warning LNK4099: PDB "opencv_core_AVX.pdb" wurde nicht mit "opencv_core410d.lib(mathfuncs_core.avx.obj)" oder an "C:\Users\jojo\source\repos\MinecraftGUI\x64\Debug\opencv_core_AVX.pdb" gefunden; Objekt wird verkn³pft, als ob keine Debuginformationen vorhanden wõren.
opencv_core410d.lib(mathfuncs_core.avx2.obj) : warning LNK4099: PDB "opencv_core_AVX2.pdb" wurde nicht mit "opencv_core410d.lib(mathfuncs_core.avx2.obj)" oder an "C:\Users\jojo\source\repos\MinecraftGUI\x64\Debug\opencv_core_AVX2.pdb" gefunden; Objekt wird verkn³pft, als ob keine Debuginformationen vorhanden wõren.
opencv_core410d.lib(stat.avx2.obj) : warning LNK4099: PDB "opencv_core_AVX2.pdb" wurde nicht mit "opencv_core410d.lib(stat.avx2.obj)" oder an "C:\Users\jojo\source\repos\MinecraftGUI\x64\Debug\opencv_core_AVX2.pdb" gefunden; Objekt wird verkn³pft, als ob keine Debuginformationen vorhanden wõren.
opencv_core410d.lib(arithm.avx2.obj) : warning LNK4099: PDB "opencv_core_AVX2.pdb" wurde nicht mit "opencv_core410d.lib(arithm.avx2.obj)" oder an "C:\Users\jojo\source\repos\MinecraftGUI\x64\Debug\opencv_core_AVX2.pdb" gefunden; Objekt wird verkn³pft, als ob keine Debuginformationen vorhanden wõren.
opencv_core410d.lib(convert.avx2.obj) : warning LNK4099: PDB "opencv_core_AVX2.pdb" wurde nicht mit "opencv_core410d.lib(convert.avx2.obj)" oder an "C:\Users\jojo\source\repos\MinecraftGUI\x64\Debug\opencv_core_AVX2.pdb" gefunden; Objekt wird verkn³pft, als ob keine Debuginformationen vorhanden wõren.
opencv_core410d.lib(convert_scale.avx2.obj) : warning LNK4099: PDB "opencv_core_AVX2.pdb" wurde nicht mit "opencv_core410d.lib(convert_scale.avx2.obj)" oder an "C:\Users\jojo\source\repos\MinecraftGUI\x64\Debug\opencv_core_AVX2.pdb" gefunden; Objekt wird verkn³pft, als ob keine Debuginformationen vorhanden wõren.
opencv_core410d.lib(matmul.avx2.obj) : warning LNK4099: PDB "opencv_core_AVX2.pdb" wurde nicht mit "opencv_core410d.lib(matmul.avx2.obj)" oder an "C:\Users\jojo\source\repos\MinecraftGUI\x64\Debug\opencv_core_AVX2.pdb" gefunden; Objekt wird verkn³pft, als ob keine Debuginformationen vorhanden wõren.
opencv_core410d.lib(merge.avx2.obj) : warning LNK4099: PDB "opencv_core_AVX2.pdb" wurde nicht mit "opencv_core410d.lib(merge.avx2.obj)" oder an "C:\Users\jojo\source\repos\MinecraftGUI\x64\Debug\opencv_core_AVX2.pdb" gefunden; Objekt wird verkn³pft, als ob keine Debuginformationen vorhanden wõren.
opencv_core410d.lib(sum.avx2.obj) : warning LNK4099: PDB "opencv_core_AVX2.pdb" wurde nicht mit "opencv_core410d.lib(sum.avx2.obj)" oder an "C:\Users\jojo\source\repos\MinecraftGUI\x64\Debug\opencv_core_AVX2.pdb" gefunden; Objekt wird verkn³pft, als ob keine Debuginformationen vorhanden wõren.
opencv_imgproc410d.lib(color.obj) : warning LNK4099: PDB "opencv_imgproc410d.pdb" wurde nicht mit "opencv_imgproc410d.lib(color.obj)" oder an "C:\Users\jojo\source\repos\MinecraftGUI\x64\Debug\opencv_imgproc410d.pdb" gefunden; Objekt wird verkn³pft, als ob keine Debuginformationen vorhanden wõren.
opencv_imgproc410d.lib(color_hsv.dispatch.obj) : warning LNK4099: PDB "opencv_imgproc410d.pdb" wurde nicht mit "opencv_imgproc410d.lib(color_hsv.dispatch.obj)" oder an "C:\Users\jojo\source\repos\MinecraftGUI\x64\Debug\opencv_imgproc410d.pdb" gefunden; Objekt wird verkn³pft, als ob keine Debuginformationen vorhanden wõren.
opencv_imgproc410d.lib(color_lab.obj) : warning LNK4099: PDB "opencv_imgproc410d.pdb" wurde nicht mit "opencv_imgproc410d.lib(color_lab.obj)" oder an "C:\Users\jojo\source\repos\MinecraftGUI\x64\Debug\opencv_imgproc410d.pdb" gefunden; Objekt wird verkn³pft, als ob keine Debuginformationen vorhanden wõren.
opencv_imgproc410d.lib(color_rgb.dispatch.obj) : warning LNK4099: PDB "opencv_imgproc410d.pdb" wurde nicht mit "opencv_imgproc410d.lib(color_rgb.dispatch.obj)" oder an "C:\Users\jojo\source\repos\MinecraftGUI\x64\Debug\opencv_imgproc410d.pdb" gefunden; Objekt wird verkn³pft, als ob keine Debuginformationen vorhanden wõren.
opencv_imgproc410d.lib(color_yuv.dispatch.obj) : warning LNK4099: PDB "opencv_imgproc410d.pdb" wurde nicht mit "opencv_imgproc410d.lib(color_yuv.dispatch.obj)" oder an "C:\Users\jojo\source\repos\MinecraftGUI\x64\Debug\opencv_imgproc410d.pdb" gefunden; Objekt wird verkn³pft, als ob keine Debuginformationen vorhanden wõren.
opencv_imgproc410d.lib(demosaicing.obj) : warning LNK4099: PDB "opencv_imgproc410d.pdb" wurde nicht mit "opencv_imgproc410d.lib(demosaicing.obj)" oder an "C:\Users\jojo\source\repos\MinecraftGUI\x64\Debug\opencv_imgproc410d.pdb" gefunden; Objekt wird verkn³pft, als ob keine Debuginformationen vorhanden wõren.
opencv_imgproc410d.lib(resize.obj) : warning LNK4099: PDB "opencv_imgproc410d.pdb" wurde nicht mit "opencv_imgproc410d.lib(resize.obj)" oder an "C:\Users\jojo\source\repos\MinecraftGUI\x64\Debug\opencv_imgproc410d.pdb" gefunden; Objekt wird verkn³pft, als ob keine Debuginformationen vorhanden wõren.
opencv_imgproc410d.lib(tables.obj) : warning LNK4099: PDB "opencv_imgproc410d.pdb" wurde nicht mit "opencv_imgproc410d.lib(tables.obj)" oder an "C:\Users\jojo\source\repos\MinecraftGUI\x64\Debug\opencv_imgproc410d.pdb" gefunden; Objekt wird verkn³pft, als ob keine Debuginformationen vorhanden wõren.
opencv_imgproc410d.lib(opencl_kernels_imgproc.obj) : warning LNK4099: PDB "opencv_imgproc410d.pdb" wurde nicht mit "opencv_imgproc410d.lib(opencl_kernels_imgproc.obj)" oder an "C:\Users\jojo\source\repos\MinecraftGUI\x64\Debug\opencv_imgproc410d.pdb" gefunden; Objekt wird verkn³pft, als ob keine Debuginformationen vorhanden wõren.
opencv_imgproc410d.lib(opencv_imgproc_pch.obj) : warning LNK4099: PDB "opencv_imgproc410d.pdb" wurde nicht mit "opencv_imgproc410d.lib(opencv_imgproc_pch.obj)" oder an "C:\Users\jojo\source\repos\MinecraftGUI\x64\Debug\opencv_imgproc410d.pdb" gefunden; Objekt wird verkn³pft, als ob keine Debuginformationen vorhanden wõren.
opencv_imgproc410d.lib(resize.sse4_1.obj) : warning LNK4099: PDB "opencv_imgproc_SSE4_1.pdb" wurde nicht mit "opencv_imgproc410d.lib(resize.sse4_1.obj)" oder an "C:\Users\jojo\source\repos\MinecraftGUI\x64\Debug\opencv_imgproc_SSE4_1.pdb" gefunden; Objekt wird verkn³pft, als ob keine Debuginformationen vorhanden wõren.
opencv_imgproc410d.lib(color_hsv.sse4_1.obj) : warning LNK4099: PDB "opencv_imgproc_SSE4_1.pdb" wurde nicht mit "opencv_imgproc410d.lib(color_hsv.sse4_1.obj)" oder an "C:\Users\jojo\source\repos\MinecraftGUI\x64\Debug\opencv_imgproc_SSE4_1.pdb" gefunden; Objekt wird verkn³pft, als ob keine Debuginformationen vorhanden wõren.
opencv_imgproc410d.lib(color_rgb.sse4_1.obj) : warning LNK4099: PDB "opencv_imgproc_SSE4_1.pdb" wurde nicht mit "opencv_imgproc410d.lib(color_rgb.sse4_1.obj)" oder an "C:\Users\jojo\source\repos\MinecraftGUI\x64\Debug\opencv_imgproc_SSE4_1.pdb" gefunden; Objekt wird verkn³pft, als ob keine Debuginformationen vorhanden wõren.
opencv_imgproc410d.lib(color_yuv.sse4_1.obj) : warning LNK4099: PDB "opencv_imgproc_SSE4_1.pdb" wurde nicht mit "opencv_imgproc410d.lib(color_yuv.sse4_1.obj)" oder an "C:\Users\jojo\source\repos\MinecraftGUI\x64\Debug\opencv_imgproc_SSE4_1.pdb" gefunden; Objekt wird verkn³pft, als ob keine Debuginformationen vorhanden wõren.
opencv_imgproc410d.lib(resize.avx2.obj) : warning LNK4099: PDB "opencv_imgproc_AVX2.pdb" wurde nicht mit "opencv_imgproc410d.lib(resize.avx2.obj)" oder an "C:\Users\jojo\source\repos\MinecraftGUI\x64\Debug\opencv_imgproc_AVX2.pdb" gefunden; Objekt wird verkn³pft, als ob keine Debuginformationen vorhanden wõren.
opencv_imgproc410d.lib(color_hsv.avx2.obj) : warning LNK4099: PDB "opencv_imgproc_AVX2.pdb" wurde nicht mit "opencv_imgproc410d.lib(color_hsv.avx2.obj)" oder an "C:\Users\jojo\source\repos\MinecraftGUI\x64\Debug\opencv_imgproc_AVX2.pdb" gefunden; Objekt wird verkn³pft, als ob keine Debuginformationen vorhanden wõren.
opencv_imgproc410d.lib(color_rgb.avx2.obj) : warning LNK4099: PDB "opencv_imgproc_AVX2.pdb" wurde nicht mit "opencv_imgproc410d.lib(color_rgb.avx2.obj)" oder an "C:\Users\jojo\source\repos\MinecraftGUI\x64\Debug\opencv_imgproc_AVX2.pdb" gefunden; Objekt wird verkn³pft, als ob keine Debuginformationen vorhanden wõren.
opencv_imgproc410d.lib(color_yuv.avx2.obj) : warning LNK4099: PDB "opencv_imgproc_AVX2.pdb" wurde nicht mit "opencv_imgproc410d.lib(color_yuv.avx2.obj)" oder an "C:\Users\jojo\source\repos\MinecraftGUI\x64\Debug\opencv_imgproc_AVX2.pdb" gefunden; Objekt wird verkn³pft, als ob keine Debuginformationen vorhanden wõren.
opencv_imgcodecs410d.lib(loadsave.obj) : warning LNK4099: PDB "opencv_imgcodecs410d.pdb" wurde nicht mit "opencv_imgcodecs410d.lib(loadsave.obj)" oder an "C:\Users\jojo\source\repos\MinecraftGUI\x64\Debug\opencv_imgcodecs410d.pdb" gefunden; Objekt wird verkn³pft, als ob keine Debuginformationen vorhanden wõren.
opencv_imgcodecs410d.lib(utils.obj) : warning LNK4099: PDB "opencv_imgcodecs410d.pdb" wurde nicht mit "opencv_imgcodecs410d.lib(utils.obj)" oder an "C:\Users\jojo\source\repos\MinecraftGUI\x64\Debug\opencv_imgcodecs410d.pdb" gefunden; Objekt wird verkn³pft, als ob keine Debuginformationen vorhanden wõren.
opencv_imgcodecs410d.lib(grfmt_base.obj) : warning LNK4099: PDB "opencv_imgcodecs410d.pdb" wurde nicht mit "opencv_imgcodecs410d.lib(grfmt_base.obj)" oder an "C:\Users\jojo\source\repos\MinecraftGUI\x64\Debug\opencv_imgcodecs410d.pdb" gefunden; Objekt wird verkn³pft, als ob keine Debuginformationen vorhanden wõren.
opencv_imgcodecs410d.lib(grfmt_bmp.obj) : warning LNK4099: PDB "opencv_imgcodecs410d.pdb" wurde nicht mit "opencv_imgcodecs410d.lib(grfmt_bmp.obj)" oder an "C:\Users\jojo\source\repos\MinecraftGUI\x64\Debug\opencv_imgcodecs410d.pdb" gefunden; Objekt wird verkn³pft, als ob keine Debuginformationen vorhanden wõren.
opencv_imgcodecs410d.lib(grfmt_exr.obj) : warning LNK4099: PDB "opencv_imgcodecs410d.pdb" wurde nicht mit "opencv_imgcodecs410d.lib(grfmt_exr.obj)" oder an "C:\Users\jojo\source\repos\MinecraftGUI\x64\Debug\opencv_imgcodecs410d.pdb" gefunden; Objekt wird verkn³pft, als ob keine Debuginformationen vorhanden wõren.
opencv_imgcodecs410d.lib(grfmt_hdr.obj) : warning LNK4099: PDB "opencv_imgcodecs410d.pdb" wurde nicht mit "opencv_imgcodecs410d.lib(grfmt_hdr.obj)" oder an "C:\Users\jojo\source\repos\MinecraftGUI\x64\Debug\opencv_imgcodecs410d.pdb" gefunden; Objekt wird verkn³pft, als ob keine Debuginformationen vorhanden wõren.
opencv_imgcodecs410d.lib(grfmt_jpeg.obj) : warning LNK4099: PDB "opencv_imgcodecs410d.pdb" wurde nicht mit "opencv_imgcodecs410d.lib(grfmt_jpeg.obj)" oder an "C:\Users\jojo\source\repos\MinecraftGUI\x64\Debug\opencv_imgcodecs410d.pdb" gefunden; Objekt wird verkn³pft, als ob keine Debuginformationen vorhanden wõren.
opencv_imgcodecs410d.lib(grfmt_jpeg2000.obj) : warning LNK4099: PDB "opencv_imgcodecs410d.pdb" wurde nicht mit "opencv_imgcodecs410d.lib(grfmt_jpeg2000.obj)" oder an "C:\Users\jojo\source\repos\MinecraftGUI\x64\Debug\opencv_imgcodecs410d.pdb" gefunden; Objekt wird verkn³pft, als ob keine Debuginformationen vorhanden wõren.
opencv_imgcodecs410d.lib(grfmt_pam.obj) : warning LNK4099: PDB "opencv_imgcodecs410d.pdb" wurde nicht mit "opencv_imgcodecs410d.lib(grfmt_pam.obj)" oder an "C:\Users\jojo\source\repos\MinecraftGUI\x64\Debug\opencv_imgcodecs410d.pdb" gefunden; Objekt wird verkn³pft, als ob keine Debuginformationen vorhanden wõren.
opencv_imgcodecs410d.lib(grfmt_pfm.obj) : warning LNK4099: PDB "opencv_imgcodecs410d.pdb" wurde nicht mit "opencv_imgcodecs410d.lib(grfmt_pfm.obj)" oder an "C:\Users\jojo\source\repos\MinecraftGUI\x64\Debug\opencv_imgcodecs410d.pdb" gefunden; Objekt wird verkn³pft, als ob keine Debuginformationen vorhanden wõren.
opencv_imgcodecs410d.lib(grfmt_png.obj) : warning LNK4099: PDB "opencv_imgcodecs410d.pdb" wurde nicht mit "opencv_imgcodecs410d.lib(grfmt_png.obj)" oder an "C:\Users\jojo\source\repos\MinecraftGUI\x64\Debug\opencv_imgcodecs410d.pdb" gefunden; Objekt wird verkn³pft, als ob keine Debuginformationen vorhanden wõren.
opencv_imgcodecs410d.lib(grfmt_pxm.obj) : warning LNK4099: PDB "opencv_imgcodecs410d.pdb" wurde nicht mit "opencv_imgcodecs410d.lib(grfmt_pxm.obj)" oder an "C:\Users\jojo\source\repos\MinecraftGUI\x64\Debug\opencv_imgcodecs410d.pdb" gefunden; Objekt wird verkn³pft, als ob keine Debuginformationen vorhanden wõren.
opencv_imgcodecs410d.lib(grfmt_sunras.obj) : warning LNK4099: PDB "opencv_imgcodecs410d.pdb" wurde nicht mit "opencv_imgcodecs410d.lib(grfmt_sunras.obj)" oder an "C:\Users\jojo\source\repos\MinecraftGUI\x64\Debug\opencv_imgcodecs410d.pdb" gefunden; Objekt wird verkn³pft, als ob keine Debuginformationen vorhanden wõren.
opencv_imgcodecs410d.lib(grfmt_tiff.obj) : warning LNK4099: PDB "opencv_imgcodecs410d.pdb" wurde nicht mit "opencv_imgcodecs410d.lib(grfmt_tiff.obj)" oder an "C:\Users\jojo\source\repos\MinecraftGUI\x64\Debug\opencv_imgcodecs410d.pdb" gefunden; Objekt wird verkn³pft, als ob keine Debuginformationen vorhanden wõren.
opencv_imgcodecs410d.lib(grfmt_webp.obj) : warning LNK4099: PDB "opencv_imgcodecs410d.pdb" wurde nicht mit "opencv_imgcodecs410d.lib(grfmt_webp.obj)" oder an "C:\Users\jojo\source\repos\MinecraftGUI\x64\Debug\opencv_imgcodecs410d.pdb" gefunden; Objekt wird verkn³pft, als ob keine Debuginformationen vorhanden wõren.
opencv_imgcodecs410d.lib(bitstrm.obj) : warning LNK4099: PDB "opencv_imgcodecs410d.pdb" wurde nicht mit "opencv_imgcodecs410d.lib(bitstrm.obj)" oder an "C:\Users\jojo\source\repos\MinecraftGUI\x64\Debug\opencv_imgcodecs410d.pdb" gefunden; Objekt wird verkn³pft, als ob keine Debuginformationen vorhanden wõren.
opencv_imgcodecs410d.lib(rgbe.obj) : warning LNK4099: PDB "opencv_imgcodecs410d.pdb" wurde nicht mit "opencv_imgcodecs410d.lib(rgbe.obj)" oder an "C:\Users\jojo\source\repos\MinecraftGUI\x64\Debug\opencv_imgcodecs410d.pdb" gefunden; Objekt wird verkn³pft, als ob keine Debuginformationen vorhanden wõren.
opencv_imgcodecs410d.lib(exif.obj) : warning LNK4099: PDB "opencv_imgcodecs410d.pdb" wurde nicht mit "opencv_imgcodecs410d.lib(exif.obj)" oder an "C:\Users\jojo\source\repos\MinecraftGUI\x64\Debug\opencv_imgcodecs410d.pdb" gefunden; Objekt wird verkn³pft, als ob keine Debuginformationen vorhanden wõren.
opencv_imgcodecs410d.lib(opencv_imgcodecs_pch.obj) : warning LNK4099: PDB "opencv_imgcodecs410d.pdb" wurde nicht mit "opencv_imgcodecs410d.lib(opencv_imgcodecs_pch.obj)" oder an "C:\Users\jojo\source\repos\MinecraftGUI\x64\Debug\opencv_imgcodecs410d.pdb" gefunden; Objekt wird verkn³pft, als ob keine Debuginformationen vorhanden wõren.
  MinecraftGUI.vcxproj -> C:\Users\jojo\source\repos\MinecraftGUI\x64\Debug\MinecraftGUI.exe
